2026-06-05 10:54:32 - INFO - Iniciando backup de la base de datos 'db_universidad_test'...
2026-06-05 10:55:25 - INFO - Iniciando backup de la base de datos 'db_universidad_test'...
2026-06-05 10:57:09 - INFO - Iniciando backup de la base de datos 'db_universidad_test'...
2026-06-05 10:57:09 - INFO - èxito: Backup generado correctamente. Tamaþo: 0.0 MB. Ruta: ./backups\backup_db_universidad_test_20260605_105709.backup
2026-06-05 11:01:31 - INFO - Iniciando RESTAURACIÆN en 'db_universidad_restaurada' usando el archivo: ./backups\backup_db_universidad_test_20260605_105709.backup
2026-06-05 11:01:32 - INFO - èxito: Datos restaurados correctamente en la base de datos 'db_universidad_restaurada'.
2026-06-05 11:05:16 - INFO - Iniciando backup de la base de datos 'db_universidad_test'...
2026-06-05 11:05:16 - INFO - èxito: Backup generado correctamente. Tamaþo: 0.0 MB. Ruta: ./backups\backup_db_universidad_test_20260605_110516.backup
2026-06-05 11:05:26 - INFO - Iniciando RESTAURACIÆN en 'db_universidad_restaurada' usando el archivo: ./backups\backup_db_universidad_test_20260605_110516.backup
2026-06-05 11:05:26 - INFO - èxito: Datos restaurados correctamente en la base de datos 'db_universidad_restaurada'.
2026-06-05 11:22:43 - INFO - Iniciando backup de la base de datos 'db_universidad_test'...
2026-06-05 11:22:43 - INFO - èxito: Backup generado correctamente. Tamaþo: 0.0 MB. Ruta: ./backups\backup_db_universidad_test_20260605_112243.backup
2026-06-05 11:32:41 - INFO - Iniciando backup de la base de datos 'db_universidad_test'...
2026-06-05 11:32:41 - INFO - èxito: Backup generado correctamente. Tamaþo: 0.0 MB. Ruta: ./backups\backup_db_universidad_test_20260605_113241.backup
2026-06-05 11:42:41 - INFO - Iniciando backup de la base de datos 'db_universidad_test'...
2026-06-05 11:42:41 - INFO - èxito: Backup generado correctamente. Tamaþo: 0.0 MB. Ruta: ./backups\backup_db_universidad_test_20260605_114241.backup
2026-06-05 11:48:12 - INFO - Iniciando backup de la base de datos 'db_universidad_test'...
2026-06-05 11:48:12 - INFO - èxito: Backup generado correctamente. Tamaþo: 0.0 MB. Ruta: C:\Users\JUAN ESAU SAAVEDRA P\OneDrive - Universidad Tecnologica del Peru\doc\MIS_PROYECTOS\Gestion-TI\backups\backup_db_universidad_test_20260605_114812.backup
2026-06-05 11:49:38 - INFO - Iniciando backup de la base de datos 'db_universidad_test'...
2026-06-05 11:49:38 - INFO - èxito: Backup generado correctamente. Tamaþo: 0.0 MB. Ruta: C:\Users\JUAN ESAU SAAVEDRA P\OneDrive - Universidad Tecnologica del Peru\doc\MIS_PROYECTOS\Gestion-TI\backups\backup_db_universidad_test_20260605_114938.backup
2026-06-05 11:51:22 - INFO - Iniciando backup de la base de datos 'db_universidad_test'...
2026-06-05 11:51:22 - INFO - èxito: Backup generado correctamente. Tamaþo: 0.0 MB. Ruta: C:\Users\JUAN ESAU SAAVEDRA P\OneDrive - Universidad Tecnologica del Peru\doc\MIS_PROYECTOS\Gestion-TI\backups\backup_db_universidad_test_20260605_115122.backup
2026-06-05 11:52:41 - INFO - Iniciando backup de la base de datos 'db_universidad_test'...
2026-06-05 11:52:41 - INFO - èxito: Backup generado correctamente. Tamaþo: 0.0 MB. Ruta: C:\Users\JUAN ESAU SAAVEDRA P\OneDrive - Universidad Tecnologica del Peru\doc\MIS_PROYECTOS\Gestion-TI\backups\backup_db_universidad_test_20260605_115241.backup
2026-06-05 11:57:27 - INFO - Iniciando backup de la base de datos 'db_universidad_test'...
2026-06-05 11:57:27 - INFO - èxito: Backup generado correctamente. Tamaþo: 0.0 MB. Ruta: C:\Users\JUAN ESAU SAAVEDRA P\OneDrive - Universidad Tecnologica del Peru\doc\MIS_PROYECTOS\Gestion-TI\backups\backup_db_universidad_test_20260605_115727.backup
2026-06-05 12:02:41 - INFO - Iniciando backup de la base de datos 'db_universidad_test'...
2026-06-05 12:02:41 - INFO - èxito: Backup generado correctamente. Tamaþo: 0.0 MB. Ruta: C:\Users\JUAN ESAU SAAVEDRA P\OneDrive - Universidad Tecnologica del Peru\doc\MIS_PROYECTOS\Gestion-TI\backups\backup_db_universidad_test_20260605_120241.backup
